<?xml version="1.0" encoding="UTF-8"?>
<testsuites name="default">
  <testsuite name="edit one counter" tests="2" skipped="0" failures="0" errors="2">
    <testcase name="increment the value for a single counter in the collection" status="undefined">
      <error message="Given a counter with id &quot;1&quot; and a value of &quot;1&quot; was added to the collection" type="undefined"></error>
      <error message="When I increment the value of the counter with id 1" type="undefined"></error>
      <error message="Then the value returned should be 2" type="undefined"></error>
    </testcase>
    <testcase name="lock a single counter in the collection and try to increment it" status="undefined">
      <error message="Given a counter with id &quot;1&quot; and a value of &quot;1&quot; was added to the collection" type="undefined"></error>
      <error message="When I lock the counter with id 1" type="undefined"></error>
      <error message="And I increment the value of the counter with id 1" type="undefined"></error>
      <error message="Then I should see an error" type="undefined"></error>
      <error message="And the value returned should be 1" type="undefined"></error>
    </testcase>
  </testsuite>
  <testsuite name="read one counter" tests="1" skipped="0" failures="0" errors="1">
    <testcase name="Getting the value for a single counter in the collection" status="undefined">
      <error message="Given a counter with id &quot;1&quot; and a value of &quot;1&quot; was added to the collection" type="undefined"></error>
      <error message="When I get the value of the counter with id 1" type="undefined"></error>
      <error message="Then the value returned should be 1" type="undefined"></error>
    </testcase>
  </testsuite>
  <testsuite name="reset one counter" tests="1" skipped="0" failures="0" errors="1">
    <testcase name="Resetting the first counter" status="undefined">
      <error message="Given a counter with id &quot;1&quot; and a value of &quot;1&quot; was added to the collection" type="undefined"></error>
      <error message="When I reset the counter with id 1" type="undefined"></error>
      <error message="And I get the value of the counter with id 1" type="undefined"></error>
      <error message="Then the value returned should be &quot;0&quot;" type="undefined"></error>
    </testcase>
  </testsuite>
</testsuites>
