<?xml version="1.0" encoding="UTF-8"?>
<testsuites name="domain">
  <testsuite name="create a new counter" tests="1" skipped="0" failures="0" errors="0">
    <testcase name="create a new counter" status="passed"></testcase>
  </testsuite>
  <testsuite name="edit one counter" tests="2" skipped="0" failures="0" errors="0">
    <testcase name="increment the value for a single counter" status="passed"></testcase>
    <testcase name="lock a single counter and try to increment it" status="passed"></testcase>
  </testsuite>
  <testsuite name="read one counter" tests="1" skipped="0" failures="0" errors="0">
    <testcase name="Getting the value for a single counter in the collection" status="passed"></testcase>
  </testsuite>
  <testsuite name="remove counter" tests="1" skipped="0" failures="0" errors="1">
    <testcase name="remove existing counter" status="pending">
      <error message="When I remove the counter with name &quot;onecounter&quot;: TODO: write pending definition" type="pending"></error>
    </testcase>
  </testsuite>
  <testsuite name="reset one counter" tests="1" skipped="0" failures="0" errors="0">
    <testcase name="Resetting the first counter" status="passed"></testcase>
  </testsuite>
</testsuites>
